Using pre-set license
Built from '2022.1/staging' branch; Version is '2022.1.5f1 (feea5ec8f162) revision 16706142'; Using compiler version '192829333'; Build Type 'Release'
OS: 'Windows 11  (10.0.22000) 64bit CoreSingleLanguage' Language: 'tr' Physical Memory: 16109 MB
BatchMode: 1, IsHumanControllingUs: 0, StartBugReporterOnCrash: 0, Is64bit: 1, IsPro: 1

COMMAND LINE ARGUMENTS:
D:\UnityEditor\2022.1.5f1\Editor\Unity.exe
-adb2
-batchMode
-noUpm
-name
AssetImportWorker1
-projectPath
D:/Projects/WeeklyProject#1
-logFile
Logs/AssetImportWorker1.log
-srvPort
53599
Successfully changed project path to: D:/Projects/WeeklyProject#1
D:/Projects/WeeklyProject#1
[UnityMemory] Configuration Parameters - Can be set up in boot.config
    "memorysetup-bucket-allocator-granularity=16"
    "memorysetup-bucket-allocator-bucket-count=8"
    "memorysetup-bucket-allocator-block-size=33554432"
    "memorysetup-bucket-allocator-block-count=8"
    "memorysetup-main-allocator-block-size=16777216"
    "memorysetup-thread-allocator-block-size=16777216"
    "memorysetup-gfx-main-allocator-block-size=16777216"
    "memorysetup-gfx-thread-allocator-block-size=16777216"
    "memorysetup-cache-allocator-block-size=4194304"
    "memorysetup-typetree-allocator-block-size=2097152"
    "memorysetup-profiler-bucket-allocator-granularity=16"
    "memorysetup-profiler-bucket-allocator-bucket-count=8"
    "memorysetup-profiler-bucket-allocator-block-size=33554432"
    "memorysetup-profiler-bucket-allocator-block-count=8"
    "memorysetup-profiler-allocator-block-size=16777216"
    "memorysetup-profiler-editor-allocator-block-size=1048576"
    "memorysetup-temp-allocator-size-main=16777216"
    "memorysetup-job-temp-allocator-block-size=2097152"
    "memorysetup-job-temp-allocator-block-size-background=1048576"
    "memorysetup-job-temp-allocator-reduction-small-platforms=262144"
    "memorysetup-temp-allocator-size-background-worker=32768"
    "memorysetup-temp-allocator-size-job-worker=262144"
    "memorysetup-temp-allocator-size-preload-manager=33554432"
    "memorysetup-temp-allocator-size-nav-mesh-worker=65536"
    "memorysetup-temp-allocator-size-audio-worker=65536"
    "memorysetup-temp-allocator-size-cloud-worker=32768"
    "memorysetup-temp-allocator-size-gi-baking-worker=262144"
    "memorysetup-temp-allocator-size-gfx=262144"
Refreshing native plugins compatible for Editor in 105.84 ms, found 4 plugins.
Preloading 0 native plugins for Editor in 0.00 ms.
Initialize engine version: 2022.1.5f1 (feea5ec8f162)
[Subsystems] Discovering subsystems at path D:/UnityEditor/2022.1.5f1/Editor/Data/Resources/UnitySubsystems
[Subsystems] Discovering subsystems at path D:/Projects/WeeklyProject#1/Assets
GfxDevice: creating device client; threaded=0; jobified=0
Direct3D:
    Version:  Direct3D 11.0 [level 11.1]
    Renderer: NVIDIA GeForce RTX 3050 Laptop GPU (ID=0x25a2)
    Vendor:   NVIDIA
    VRAM:     3991 MB
    Driver:   31.0.15.1748
Initialize mono
Mono path[0] = 'D:/UnityEditor/2022.1.5f1/Editor/Data/Managed'
Mono path[1] = 'D:/UnityEditor/2022.1.5f1/Editor/Data/MonoBleedingEdge/lib/mono/unityjit-win32'
Mono config path = 'D:/UnityEditor/2022.1.5f1/Editor/Data/MonoBleedingEdge/etc'
Using monoOptions --debugger-agent=transport=dt_socket,embedding=1,server=y,suspend=n,address=127.0.0.1:56884
Begin MonoManager ReloadAssembly
Registering precompiled unity dll's ...
Register platform support module: D:/UnityEditor/2022.1.5f1/Editor/Data/PlaybackEngines/AndroidPlayer/UnityEditor.Android.Extensions.dll
Register platform support module: D:/UnityEditor/2022.1.5f1/Editor/Data/PlaybackEngines/iOSSupport/UnityEditor.iOS.Extensions.dll
Register platform support module: D:/UnityEditor/2022.1.5f1/Editor/Data/PlaybackEngines/WindowsStandaloneSupport/UnityEditor.WindowsStandalone.Extensions.dll
Registered in 0.003040 seconds.
Native extension for WindowsStandalone target not found
[usbmuxd] Start listen thread
[usbmuxd] Listen thread started
[usbmuxd] Send listen message
Native extension for iOS target not found
Native extension for Android target not found
Refreshing native plugins compatible for Editor in 100.01 ms, found 4 plugins.
Preloading 0 native plugins for Editor in 0.00 ms.
Mono: successfully reloaded assembly
- Completed reload, in  0.631 seconds
Domain Reload Profiling:
	ReloadAssembly (631ms)
		BeginReloadAssembly (88ms)
			ExecutionOrderSort (0ms)
			DisableScriptedObjects (0ms)
			BackupInstance (0ms)
			ReleaseScriptingObjects (0ms)
			CreateAndSetChildDomain (1ms)
		EndReloadAssembly (449ms)
			LoadAssemblies (90ms)
			RebuildTransferFunctionScriptingTraits (0ms)
			SetupTypeCache (103ms)
				TypeCache.Initialize (102ms)
					TypeCache.ScanAssembly (101ms)
				ResolveRequiredComponents (0ms)
			ReleaseScriptCaches (0ms)
			RebuildScriptCaches (25ms)
			SetupLoadedEditorAssemblies (277ms)
				LogAssemblyErrors (0ms)
				InitializePlatformSupportModulesInManaged (49ms)
				SetLoadedEditorAssemblies (8ms)
				RefreshPlugins (100ms)
				BeforeProcessingInitializeOnLoad (1ms)
				ProcessInitializeOnLoadAttributes (85ms)
				ProcessInitializeOnLoadMethodAttributes (34ms)
				AfterProcessingInitializeOnLoad (0ms)
				EditorAssembliesLoaded (0ms)
			ExecutionOrderSort2 (0ms)
			AwakeInstancesAfterBackupRestoration (0ms)
Platform modules already initialized, skipping
Registering precompiled user dll's ...
Registered in 0.005027 seconds.
Begin MonoManager ReloadAssembly
Symbol file LoadedFromMemory doesn't match image D:\Projects\WeeklyProject#1\Library\PackageCache\com.unity.visualscripting@1.7.8\Editor\VisualScripting.Core\Dependencies\YamlDotNet\Unity.VisualScripting.YamlDotNet.dll
Symbol file LoadedFromMemory doesn't match image D:\Projects\WeeklyProject#1\Library\PackageCache\com.unity.visualscripting@1.7.8\Editor\VisualScripting.Core\Dependencies\DotNetZip\Unity.VisualScripting.IonicZip.dll
Native extension for WindowsStandalone target not found
Native extension for iOS target not found
Native extension for Android target not found
Refreshing native plugins compatible for Editor in 90.48 ms, found 4 plugins.
Preloading 0 native plugins for Editor in 0.00 ms.
Mono: successfully reloaded assembly
- Completed reload, in  1.363 seconds
Domain Reload Profiling:
	ReloadAssembly (1364ms)
		BeginReloadAssembly (218ms)
			ExecutionOrderSort (0ms)
			DisableScriptedObjects (4ms)
			BackupInstance (0ms)
			ReleaseScriptingObjects (0ms)
			CreateAndSetChildDomain (120ms)
		EndReloadAssembly (1044ms)
			LoadAssemblies (263ms)
			RebuildTransferFunctionScriptingTraits (0ms)
			SetupTypeCache (225ms)
				TypeCache.Initialize (214ms)
					TypeCache.ScanAssembly (210ms)
				ResolveRequiredComponents (10ms)
			ReleaseScriptCaches (1ms)
			RebuildScriptCaches (53ms)
			SetupLoadedEditorAssemblies (480ms)
				LogAssemblyErrors (0ms)
				InitializePlatformSupportModulesInManaged (17ms)
				SetLoadedEditorAssemblies (7ms)
				RefreshPlugins (91ms)
				BeforeProcessingInitializeOnLoad (90ms)
				ProcessInitializeOnLoadAttributes (194ms)
				ProcessInitializeOnLoadMethodAttributes (80ms)
				AfterProcessingInitializeOnLoad (2ms)
				EditorAssembliesLoaded (0ms)
			ExecutionOrderSort2 (0ms)
			AwakeInstancesAfterBackupRestoration (4ms)
Platform modules already initialized, skipping
========================================================================
Worker process is ready to serve import requests
Launched and connected shader compiler UnityShaderCompiler.exe after 0.08 seconds
Refreshing native plugins compatible for Editor in 1.12 ms, found 4 plugins.
Preloading 0 native plugins for Editor in 0.00 ms.
Unloading 5572 Unused Serialized files (Serialized files now loaded: 0)
Unloading 40 unused Assets / (345.8 KB). Loaded Objects now: 6029.
Memory consumption went from 0.86 GB to 0.86 GB.
Total: 3.456000 ms (FindLiveObjects: 0.490000 ms CreateObjectMapping: 0.335800 ms MarkObjects: 2.513400 ms  DeleteObjects: 0.114600 ms)

AssetImportParameters requested are different than current active one (requested -> active):
  custom:video-decoder-ogg-theora: a1e56fd34408186e4bbccfd4996cb3dc -> 
  custom:container-muxer-webm: aa71ff27fc2769a1b78a27578f13a17b -> 
  custom:container-demuxer-webm: 4f35f7cbe854078d1ac9338744f61a02 -> 
  custom:video-encoder-webm-vp8: eb34c28f22e8b96e1ab97ce403110664 -> 
  custom:audio-encoder-webm-vorbis: bf7c407c2cedff20999df2af8eb42d56 -> 
  custom:framework-win-MediaFoundation: 216162199b28c13a410421893ffa2e32 -> 
  custom:container-demuxer-ogg: 62fdf1f143b41e24485cea50d1cbac27 -> 
  custom:video-decoder-webm-vp8: 9c59270c3fd7afecdb556c50c9e8de78 -> 
  custom:audio-decoder-ogg-vorbis: bf7c407c2cedff20999df2af8eb42d56 -> 
========================================================================
Received Import Request.
  Time since last request: 664018.438823 seconds.
  path: Assets/Sprites
  artifactKey: Guid(b4e73e4822ce811459836c4849c9aae7) Importer(815301076,1909f56bfc062723c751e8b465ee728b)
Start importing Assets/Sprites using Guid(b4e73e4822ce811459836c4849c9aae7) Importer(815301076,1909f56bfc062723c751e8b465ee728b)  -> (artifact id: 'd7cb53c4c765c0d9154bc16f04aab872') in 0.014015 seconds 
========================================================================
Received Import Request.
  Time since last request: 14.449456 seconds.
  path: Assets/Sprites/work station.png
  artifactKey: Guid(9862db5a8f194e54dbc8543c4f216369) Importer(815301076,1909f56bfc062723c751e8b465ee728b)
Start importing Assets/Sprites/work station.png using Guid(9862db5a8f194e54dbc8543c4f216369) Importer(815301076,1909f56bfc062723c751e8b465ee728b)  -> (artifact id: 'd16e21ef81361aa658925cda352c5085') in 0.124353 seconds 
========================================================================
Received Import Request.
  Time since last request: 40.373637 seconds.
  path: Assets/Sprites/Tileset/Chest.png
  artifactKey: Guid(dd2087e7a7d1b5e46b59df9e3c8fb14b) Importer(815301076,1909f56bfc062723c751e8b465ee728b)
Start importing Assets/Sprites/Tileset/Chest.png using Guid(dd2087e7a7d1b5e46b59df9e3c8fb14b) Importer(815301076,1909f56bfc062723c751e8b465ee728b)  -> (artifact id: '807c776b8c226504e7b082ff338d36db') in 0.027373 seconds 
========================================================================
Received Import Request.
  Time since last request: 0.000031 seconds.
  path: Assets/Sprites/Tileset/STONE PATH.png
  artifactKey: Guid(f568c091999141442a5758f1ec757529) Importer(815301076,1909f56bfc062723c751e8b465ee728b)
Start importing Assets/Sprites/Tileset/STONE PATH.png using Guid(f568c091999141442a5758f1ec757529) Importer(815301076,1909f56bfc062723c751e8b465ee728b)  -> (artifact id: '3c4bac5e6a98981dbf912d6095c0d521') in 0.029102 seconds 
========================================================================
Received Import Request.
  Time since last request: 0.000050 seconds.
  path: Assets/Sprites/Tileset/Mailbox Animation Frames.png
  artifactKey: Guid(fd49868e59ccb9c45b65a24010961b9b) Importer(815301076,1909f56bfc062723c751e8b465ee728b)
Start importing Assets/Sprites/Tileset/Mailbox Animation Frames.png using Guid(fd49868e59ccb9c45b65a24010961b9b) Importer(815301076,1909f56bfc062723c751e8b465ee728b)  -> (artifact id: 'd662008558e681c37850c83836571242') in 0.029907 seconds 
========================================================================
Received Import Request.
  Time since last request: 0.000045 seconds.
  path: Assets/Sprites/Tileset/Paths.png
  artifactKey: Guid(d7a62898bd51313438b7b46987ca2016) Importer(815301076,1909f56bfc062723c751e8b465ee728b)
Start importing Assets/Sprites/Tileset/Paths.png using Guid(d7a62898bd51313438b7b46987ca2016) Importer(815301076,1909f56bfc062723c751e8b465ee728b)  -> (artifact id: '5f4b6a6fc0f1ed7598a7b05a49e5ff52') in 0.030253 seconds 
========================================================================
Received Import Request.
  Time since last request: 0.000130 seconds.
  path: Assets/Sprites/Tileset/Wood Bridge v.2 .png
  artifactKey: Guid(2e634e19b497549499c8604c13fcae6e) Importer(815301076,1909f56bfc062723c751e8b465ee728b)
Start importing Assets/Sprites/Tileset/Wood Bridge v.2 .png using Guid(2e634e19b497549499c8604c13fcae6e) Importer(815301076,1909f56bfc062723c751e8b465ee728b)  -> (artifact id: '5001fa572a84b98048f87eb7689d482c') in 0.028240 seconds 
========================================================================
Received Import Request.
  Time since last request: 0.000047 seconds.
  path: Assets/Sprites/Tileset/Water tray.png
  artifactKey: Guid(e4f74d617f93ac6468820c3a6a7e823f) Importer(815301076,1909f56bfc062723c751e8b465ee728b)
Start importing Assets/Sprites/Tileset/Water tray.png using Guid(e4f74d617f93ac6468820c3a6a7e823f) Importer(815301076,1909f56bfc062723c751e8b465ee728b)  -> (artifact id: '6787d8d992bfe8af01205aeacf098e56') in 0.031701 seconds 
========================================================================
Received Import Request.
  Time since last request: 8.553212 seconds.
  path: Assets/Sprites/Tileset/Darker Grass hill tiles v.2.png
  artifactKey: Guid(d140ab25a67cc274fb8ad0d463a4a4fc) Importer(815301076,1909f56bfc062723c751e8b465ee728b)
Start importing Assets/Sprites/Tileset/Darker Grass hill tiles v.2.png using Guid(d140ab25a67cc274fb8ad0d463a4a4fc) Importer(815301076,1909f56bfc062723c751e8b465ee728b)  -> (artifact id: 'f15794f2c1b2c4e27a287071bcb84227') in 0.036107 seconds 
========================================================================
Received Import Request.
  Time since last request: 0.000050 seconds.
  path: Assets/Sprites/Tileset/Tall Grass hill tiles v.2.png
  artifactKey: Guid(418a5ce2b333172408e157af8b7ca129) Importer(815301076,1909f56bfc062723c751e8b465ee728b)
Start importing Assets/Sprites/Tileset/Tall Grass hill tiles v.2.png using Guid(418a5ce2b333172408e157af8b7ca129) Importer(815301076,1909f56bfc062723c751e8b465ee728b)  -> (artifact id: 'c3853b9e6a827b1733e415aeb73492a2') in 0.045403 seconds 
========================================================================
Received Import Request.
  Time since last request: 0.000045 seconds.
  path: Assets/Sprites/Tileset/Grass tiles with animates water-export.png
  artifactKey: Guid(5de129ed00165bd4c826e971e50f1c9d) Importer(815301076,1909f56bfc062723c751e8b465ee728b)
Start importing Assets/Sprites/Tileset/Grass tiles with animates water-export.png using Guid(5de129ed00165bd4c826e971e50f1c9d) Importer(815301076,1909f56bfc062723c751e8b465ee728b)  -> (artifact id: '1dc7e09852dc412deba97b89402aaa88') in 0.029035 seconds 
========================================================================
Received Import Request.
  Time since last request: 0.000060 seconds.
  path: Assets/Sprites/Tileset/Grass tile layers 2.png
  artifactKey: Guid(2a05de1d5dc6f74449fd04b834460ee1) Importer(815301076,1909f56bfc062723c751e8b465ee728b)
Start importing Assets/Sprites/Tileset/Grass tile layers 2.png using Guid(2a05de1d5dc6f74449fd04b834460ee1) Importer(815301076,1909f56bfc062723c751e8b465ee728b)  -> (artifact id: '8f7c4d4eb2f5f3c5364e5e3e7dadc030') in 0.029863 seconds 
========================================================================
Received Import Request.
  Time since last request: 0.000044 seconds.
  path: Assets/Sprites/Tileset/Stone ground tiles.png
  artifactKey: Guid(f6e3dbc84d32c1947968f097440a0e2f) Importer(815301076,1909f56bfc062723c751e8b465ee728b)
Start importing Assets/Sprites/Tileset/Stone ground tiles.png using Guid(f6e3dbc84d32c1947968f097440a0e2f) Importer(815301076,1909f56bfc062723c751e8b465ee728b)  -> (artifact id: '76f154b8aad1a80d3974b35962a88be8') in 0.032222 seconds 
========================================================================
Received Import Request.
  Time since last request: 0.000050 seconds.
  path: Assets/Sprites/Tileset/Grass tile layers.png
  artifactKey: Guid(c758db7fca4742346ad72d5c03d6f939) Importer(815301076,1909f56bfc062723c751e8b465ee728b)
Start importing Assets/Sprites/Tileset/Grass tile layers.png using Guid(c758db7fca4742346ad72d5c03d6f939) Importer(815301076,1909f56bfc062723c751e8b465ee728b)  -> (artifact id: '511f11a0b2218a18efe564507e3d07c4') in 0.029962 seconds 
========================================================================
Received Import Request.
  Time since last request: 0.000037 seconds.
  path: Assets/Sprites/Tileset/Darker Grass tile layers.png
  artifactKey: Guid(5fa5342c8ec65e84cb41eb11324d7cb4) Importer(815301076,1909f56bfc062723c751e8b465ee728b)
Start importing Assets/Sprites/Tileset/Darker Grass tile layers.png using Guid(5fa5342c8ec65e84cb41eb11324d7cb4) Importer(815301076,1909f56bfc062723c751e8b465ee728b)  -> (artifact id: '70b41b51c48645626df9d6901c10178b') in 0.026903 seconds 
========================================================================
Received Import Request.
  Time since last request: 8.343797 seconds.
  path: Assets/Sprites/Tileset/Water_3.png
  artifactKey: Guid(092f037ebc23ef0429befebf1f99a58b) Importer(815301076,1909f56bfc062723c751e8b465ee728b)
Start importing Assets/Sprites/Tileset/Water_3.png using Guid(092f037ebc23ef0429befebf1f99a58b) Importer(815301076,1909f56bfc062723c751e8b465ee728b)  -> (artifact id: '1f8a0e8a7ffda4064850688966d4c207') in 0.062892 seconds 
========================================================================
Received Import Request.
  Time since last request: 592.975346 seconds.
  path: Assets/Sprites/Objects/item shadow.png
  artifactKey: Guid(602a3594bbb3f1d458b2d6c60d28212a) Importer(815301076,1909f56bfc062723c751e8b465ee728b)
Start importing Assets/Sprites/Objects/item shadow.png using Guid(602a3594bbb3f1d458b2d6c60d28212a) Importer(815301076,1909f56bfc062723c751e8b465ee728b)  -> (artifact id: '8c96f5eb8965472ac0b28511010888b2') in 0.040761 seconds 
========================================================================
Received Import Request.
  Time since last request: 14.442199 seconds.
  path: Assets/Sprites/Mushrooms, Flowers, Stones.png
  artifactKey: Guid(1c1880a721f90e24cb3f6f9c2c30c3ca) Importer(815301076,1909f56bfc062723c751e8b465ee728b)
Start importing Assets/Sprites/Mushrooms, Flowers, Stones.png using Guid(1c1880a721f90e24cb3f6f9c2c30c3ca) Importer(815301076,1909f56bfc062723c751e8b465ee728b)  -> (artifact id: '97e81f077456e86ddc48f6ec0e746b07') in 0.048540 seconds 
========================================================================
Received Import Request.
  Time since last request: 0.000036 seconds.
  path: Assets/Sprites/tree apple sprites.png
  artifactKey: Guid(8d7beac925743904c9e9f88209b0ef62) Importer(815301076,1909f56bfc062723c751e8b465ee728b)
Start importing Assets/Sprites/tree apple sprites.png using Guid(8d7beac925743904c9e9f88209b0ef62) Importer(815301076,1909f56bfc062723c751e8b465ee728b)  -> (artifact id: '1f2753dc3cdc19684d817a15ca7b3f7a') in 0.032335 seconds 
========================================================================
Received Import Request.
  Time since last request: 0.000038 seconds.
  path: Assets/Sprites/Trees, stumps and bushes.png
  artifactKey: Guid(805691d90a8c74042ae5f1d83104b015) Importer(815301076,1909f56bfc062723c751e8b465ee728b)
Start importing Assets/Sprites/Trees, stumps and bushes.png using Guid(805691d90a8c74042ae5f1d83104b015) Importer(815301076,1909f56bfc062723c751e8b465ee728b)  -> (artifact id: '998455a58f4489b65218a230b72ff56e') in 0.031196 seconds 
========================================================================
Received Import Request.
  Time since last request: 0.000046 seconds.
  path: Assets/Sprites/Water Objects.png
  artifactKey: Guid(a91b22330159aed48bbbb3b27a5a8e1a) Importer(815301076,1909f56bfc062723c751e8b465ee728b)
Start importing Assets/Sprites/Water Objects.png using Guid(a91b22330159aed48bbbb3b27a5a8e1a) Importer(815301076,1909f56bfc062723c751e8b465ee728b)  -> (artifact id: 'a19f09877e3884910d91394991d21385') in 0.023741 seconds 
========================================================================
Received Import Request.
  Time since last request: 11.528957 seconds.
  path: Assets/Sprites/Tileset/blue bush tiles.png
  artifactKey: Guid(668f5b3dcd1478347a7366f0444e98f8) Importer(815301076,1909f56bfc062723c751e8b465ee728b)
Start importing Assets/Sprites/Tileset/blue bush tiles.png using Guid(668f5b3dcd1478347a7366f0444e98f8) Importer(815301076,1909f56bfc062723c751e8b465ee728b)  -> (artifact id: 'b8df9f4242ba15241ff989074df15d99') in 0.023905 seconds 
========================================================================
Received Import Request.
  Time since last request: 0.000036 seconds.
  path: Assets/Sprites/Tileset/Water_4.png
  artifactKey: Guid(111ee7aa136962f4cb50775d544b45fc) Importer(815301076,1909f56bfc062723c751e8b465ee728b)
Start importing Assets/Sprites/Tileset/Water_4.png using Guid(111ee7aa136962f4cb50775d544b45fc) Importer(815301076,1909f56bfc062723c751e8b465ee728b)  -> (artifact id: '37ce8f0a6b1eede1aa9fc2597a711871') in 0.023719 seconds 
========================================================================
Received Import Request.
  Time since last request: 0.000038 seconds.
  path: Assets/Sprites/Tileset/Fences.png
  artifactKey: Guid(055d375c0b552794ab249cda6911a9a5) Importer(815301076,1909f56bfc062723c751e8b465ee728b)
Start importing Assets/Sprites/Tileset/Fences.png using Guid(055d375c0b552794ab249cda6911a9a5) Importer(815301076,1909f56bfc062723c751e8b465ee728b)  -> (artifact id: 'd2c4db6ad993fc9c5b23a54cc34d8108') in 0.022944 seconds 
========================================================================
Received Import Request.
  Time since last request: 0.000026 seconds.
  path: Assets/Sprites/Tileset/Darker Tall Grass hill tiles v.2.png
  artifactKey: Guid(e48a9cf9fdbc1164b9cbccd5698927d7) Importer(815301076,1909f56bfc062723c751e8b465ee728b)
Start importing Assets/Sprites/Tileset/Darker Tall Grass hill tiles v.2.png using Guid(e48a9cf9fdbc1164b9cbccd5698927d7) Importer(815301076,1909f56bfc062723c751e8b465ee728b)  -> (artifact id: '76d71d15c4073ed3b98b40ad87a5b77d') in 0.021501 seconds 
========================================================================
Received Import Request.
  Time since last request: 0.000154 seconds.
  path: Assets/Sprites/Tileset/Darker Grass hill tiles v.2.png
  artifactKey: Guid(d140ab25a67cc274fb8ad0d463a4a4fc) Importer(815301076,1909f56bfc062723c751e8b465ee728b)
Start importing Assets/Sprites/Tileset/Darker Grass hill tiles v.2.png using Guid(d140ab25a67cc274fb8ad0d463a4a4fc) Importer(815301076,1909f56bfc062723c751e8b465ee728b)  -> (artifact id: '508ce09882bc317e25c5ac79e58f696d') in 0.022987 seconds 
========================================================================
Received Import Request.
  Time since last request: 0.000033 seconds.
  path: Assets/Sprites/Tileset/Darker Grass tiles with animates water.png
  artifactKey: Guid(ec82fc3588a93454e992c05ea070e4ea) Importer(815301076,1909f56bfc062723c751e8b465ee728b)
Start importing Assets/Sprites/Tileset/Darker Grass tiles with animates water.png using Guid(ec82fc3588a93454e992c05ea070e4ea) Importer(815301076,1909f56bfc062723c751e8b465ee728b)  -> (artifact id: 'e13e0ea02865517cabc4bab577cd1275') in 0.021414 seconds 
========================================================================
Received Import Request.
  Time since last request: 0.000091 seconds.
  path: Assets/Sprites/Tileset/Mailbox Animation Frames.png
  artifactKey: Guid(fd49868e59ccb9c45b65a24010961b9b) Importer(815301076,1909f56bfc062723c751e8b465ee728b)
Start importing Assets/Sprites/Tileset/Mailbox Animation Frames.png using Guid(fd49868e59ccb9c45b65a24010961b9b) Importer(815301076,1909f56bfc062723c751e8b465ee728b)  -> (artifact id: '5eb4f31bb3332052b5c9d84bc05bb3f3') in 0.027359 seconds 
========================================================================
Received Import Request.
  Time since last request: 0.000068 seconds.
  path: Assets/Sprites/Tileset/Soil ground tiles.png
  artifactKey: Guid(493fee19674daa5469dd61a3deff323f) Importer(815301076,1909f56bfc062723c751e8b465ee728b)
Start importing Assets/Sprites/Tileset/Soil ground tiles.png using Guid(493fee19674daa5469dd61a3deff323f) Importer(815301076,1909f56bfc062723c751e8b465ee728b)  -> (artifact id: '98a7a64aa50f4c1e72d80173765b8c97') in 0.026488 seconds 
========================================================================
Received Import Request.
  Time since last request: 0.000055 seconds.
  path: Assets/Sprites/Tileset/Wood Bridge.png
  artifactKey: Guid(fad4189df8f6a834394ff01d2d28182f) Importer(815301076,1909f56bfc062723c751e8b465ee728b)
Start importing Assets/Sprites/Tileset/Wood Bridge.png using Guid(fad4189df8f6a834394ff01d2d28182f) Importer(815301076,1909f56bfc062723c751e8b465ee728b)  -> (artifact id: '799c3fb8389a81dde59c77e979e3c907') in 0.022935 seconds 
========================================================================
Received Import Request.
  Time since last request: 0.000033 seconds.
  path: Assets/Sprites/Tileset/Wooden House.png
  artifactKey: Guid(ea82185583cf55a4e9f84d9456a7f676) Importer(815301076,1909f56bfc062723c751e8b465ee728b)
Start importing Assets/Sprites/Tileset/Wooden House.png using Guid(ea82185583cf55a4e9f84d9456a7f676) Importer(815301076,1909f56bfc062723c751e8b465ee728b)  -> (artifact id: 'cb11d5be13ff0bd1f16ef4f75f99b893') in 0.024910 seconds 
========================================================================
Received Import Request.
  Time since last request: 0.000028 seconds.
  path: Assets/Sprites/Tileset/Wood Bridge v.2 .png
  artifactKey: Guid(2e634e19b497549499c8604c13fcae6e) Importer(815301076,1909f56bfc062723c751e8b465ee728b)
Start importing Assets/Sprites/Tileset/Wood Bridge v.2 .png using Guid(2e634e19b497549499c8604c13fcae6e) Importer(815301076,1909f56bfc062723c751e8b465ee728b)  -> (artifact id: '969a85e06e6133dae3e70e012ff8c6a8') in 0.025134 seconds 
========================================================================
Received Import Request.
  Time since last request: 0.000029 seconds.
  path: Assets/Sprites/Tileset/Fence gates animation sprites .png
  artifactKey: Guid(6987af0b97fb36947b5d5ecd6aab1862) Importer(815301076,1909f56bfc062723c751e8b465ee728b)
Start importing Assets/Sprites/Tileset/Fence gates animation sprites .png using Guid(6987af0b97fb36947b5d5ecd6aab1862) Importer(815301076,1909f56bfc062723c751e8b465ee728b)  -> (artifact id: '45d3046819240511904be61607d8be8f') in 0.028276 seconds 
Editor requested this worker to shutdown with reason: Scaling down because of idle timeout
AssetImportWorker is now disconnected from the server
Process exiting
Exiting without the bug reporter. Application will terminate with return code 0